# JRE version: Java(TM) SE Runtime Environment (23.0+37) (build 23+37-2369)
# Java VM: Java HotSpot(TM) 64-Bit Server VM (23+37-2369, mixed mode, sharing, tiered, compressed oops, compressed class ptrs, g1 gc, windows-amd64)
GC Precious Log:
 CardTable entry size: 512
 Card Set container configuration: InlinePtr #cards 5 size 8 Array Of Cards #cards 10 size 36 Howl #buckets 4 coarsen threshold 1843 Howl Bitmap #cards 512 size 80 coarsen threshold 460 Card regions per heap region 1 cards per card region 2048
 CPUs: 12 total, 12 available
 Memory: 7860M
 Large Page Support: Disabled
 NUMA Support: Disabled
 Compressed Oops: Enabled (32-bit)
 Heap Region Size: 1M
 Heap Min Capacity: 8M
 Heap Initial Capacity: 124M
 Heap Max Capacity: 1966M
 Pre-touch: Disabled
 Parallel Workers: 10
 Concurrent Workers: 3
 Concurrent Refinement Workers: 10
 Periodic GC: Disabled
Heap:
 garbage-first heap   total reserved 2013184K, committed 70656K, used 53610K [0x0000000085200000, 0x0000000100000000)
  region size 1024K, 24 young (24576K), 5 survivors (5120K)
 Metaspace       used 70051K, committed 70656K, reserved 1114112K
  class space    used 9950K, committed 10176K, reserved 1048576K
GC Heap History (20 events):
Event: 3.212 GC heap before
{Heap before GC invocations=7 (full 0):
 garbage-first heap   total reserved 2013184K, committed 48128K, used 36558K [0x0000000085200000, 0x0000000100000000)
  region size 1024K, 20 young (20480K), 2 survivors (2048K)
 Metaspace       used 35507K, committed 35968K, reserved 1114112K
  class space    used 4701K, committed 4928K, reserved 1048576K
}
Event: 3.215 GC heap after
{Heap after GC invocations=8 (full 0):
 garbage-first heap   total reserved 2013184K, committed 58368K, used 20404K [0x0000000085200000, 0x0000000100000000)
  region size 1024K, 2 young (2048K), 2 survivors (2048K)
 Metaspace       used 35507K, committed 35968K, reserved 1114112K
  class space    used 4701K, committed 4928K, reserved 1048576K
}
Event: 4.002 GC heap before
{Heap before GC invocations=9 (full 0):
 garbage-first heap   total reserved 2013184K, committed 58368K, used 46004K [0x0000000085200000, 0x0000000100000000)
  region size 1024K, 27 young (27648K), 2 survivors (2048K)
 Metaspace       used 46119K, committed 46656K, reserved 1114112K
  class space    used 6137K, committed 6400K, reserved 1048576K
}
Event: 4.007 GC heap after
{Heap after GC invocations=10 (full 0):
 garbage-first heap   total reserved 2013184K, committed 58368K, used 22962K [0x0000000085200000, 0x0000000100000000)
  region size 1024K, 4 young (4096K), 4 survivors (4096K)
 Metaspace       used 46119K, committed 46656K, reserved 1114112K
  class space    used 6137K, committed 6400K, reserved 1048576K
}
Event: 4.338 GC heap before
{Heap before GC invocations=10 (full 0):
 garbage-first heap   total reserved 2013184K, committed 58368K, used 46514K [0x0000000085200000, 0x0000000100000000)
  region size 1024K, 28 young (28672K), 4 survivors (4096K)
 Metaspace       used 52778K, committed 53376K, reserved 1114112K
  class space    used 7112K, committed 7360K, reserved 1048576K
}
Event: 4.343 GC heap after
{Heap after GC invocations=11 (full 0):
 garbage-first heap   total reserved 2013184K, committed 58368K, used 24142K [0x0000000085200000, 0x0000000100000000)
  region size 1024K, 2 young (2048K), 2 survivors (2048K)
 Metaspace       used 52778K, committed 53376K, reserved 1114112K
  class space    used 7112K, committed 7360K, reserved 1048576K
}
Event: 4.685 GC heap before
{Heap before GC invocations=11 (full 0):
 garbage-first heap   total reserved 2013184K, committed 58368K, used 48718K [0x0000000085200000, 0x0000000100000000)
  region size 1024K, 26 young (26624K), 2 survivors (2048K)
 Metaspace       used 59151K, committed 59712K, reserved 1114112K
  class space    used 8147K, committed 8384K, reserved 1048576K
}
Event: 4.688 GC heap after
{Heap after GC invocations=12 (full 0):
 garbage-first heap   total reserved 2013184K, committed 58368K, used 25061K [0x0000000085200000, 0x0000000100000000)
  region size 1024K, 3 young (3072K), 3 survivors (3072K)
 Metaspace       used 59151K, committed 59712K, reserved 1114112K
  class space    used 8147K, committed 8384K, reserved 1048576K
}
Event: 4.705 GC heap before
{Heap before GC invocations=12 (full 0):
 garbage-first heap   total reserved 2013184K, committed 58368K, used 26085K [0x0000000085200000, 0x0000000100000000)
  region size 1024K, 5 young (5120K), 3 survivors (3072K)
 Metaspace       used 59538K, committed 60096K, reserved 1114112K
  class space    used 8209K, committed 8448K, reserved 1048576K
}
Event: 4.709 GC heap after
{Heap after GC invocations=13 (full 0):
 garbage-first heap   total reserved 2013184K, committed 58368K, used 25242K [0x0000000085200000, 0x0000000100000000)
  region size 1024K, 2 young (2048K), 2 survivors (2048K)
 Metaspace       used 59538K, committed 60096K, reserved 1114112K
  class space    used 8209K, committed 8448K, reserved 1048576K
}
Event: 5.054 GC heap before
{Heap before GC invocations=14 (full 0):
 garbage-first heap   total reserved 2013184K, committed 58368K, used 49818K [0x0000000085200000, 0x0000000100000000)
  region size 1024K, 27 young (27648K), 2 survivors (2048K)
 Metaspace       used 62848K, committed 63488K, reserved 1114112K
  class space    used 8700K, committed 8960K, reserved 1048576K
}
Event: 5.058 GC heap after
{Heap after GC invocations=15 (full 0):
 garbage-first heap   total reserved 2013184K, committed 58368K, used 26865K [0x0000000085200000, 0x0000000100000000)
  region size 1024K, 3 young (3072K), 3 survivors (3072K)
 Metaspace       used 62848K, committed 63488K, reserved 1114112K
  class space    used 8700K, committed 8960K, reserved 1048576K
}
Event: 5.287 GC heap before
{Heap before GC invocations=15 (full 0):
 garbage-first heap   total reserved 2013184K, committed 58368K, used 50417K [0x0000000085200000, 0x0000000100000000)
  region size 1024K, 26 young (26624K), 3 survivors (3072K)
 Metaspace       used 64502K, committed 65152K, reserved 1114112K
  class space    used 8944K, committed 9216K, reserved 1048576K
}
Event: 5.290 GC heap after
{Heap after GC invocations=16 (full 0):
 garbage-first heap   total reserved 2013184K, committed 58368K, used 27881K [0x0000000085200000, 0x0000000100000000)
  region size 1024K, 3 young (3072K), 3 survivors (3072K)
 Metaspace       used 64502K, committed 65152K, reserved 1114112K
  class space    used 8944K, committed 9216K, reserved 1048576K
}
Event: 5.543 GC heap before
{Heap before GC invocations=16 (full 0):
 garbage-first heap   total reserved 2013184K, committed 58368K, used 50409K [0x0000000085200000, 0x0000000100000000)
  region size 1024K, 25 young (25600K), 3 survivors (3072K)
 Metaspace       used 67365K, committed 67968K, reserved 1114112K
  class space    used 9488K, committed 9728K, reserved 1048576K
}
Event: 5.546 GC heap after
{Heap after GC invocations=17 (full 0):
 garbage-first heap   total reserved 2013184K, committed 58368K, used 29530K [0x0000000085200000, 0x0000000100000000)
  region size 1024K, 3 young (3072K), 3 survivors (3072K)
 Metaspace       used 67365K, committed 67968K, reserved 1114112K
  class space    used 9488K, committed 9728K, reserved 1048576K
}
Event: 5.717 GC heap before
{Heap before GC invocations=17 (full 0):
 garbage-first heap   total reserved 2013184K, committed 58368K, used 48986K [0x0000000085200000, 0x0000000100000000)
  region size 1024K, 23 young (23552K), 3 survivors (3072K)
 Metaspace       used 68919K, committed 69504K, reserved 1114112K
  class space    used 9732K, committed 9984K, reserved 1048576K
}
Event: 5.720 GC heap after
{Heap after GC invocations=18 (full 0):
 garbage-first heap   total reserved 2013184K, committed 70656K, used 30654K [0x0000000085200000, 0x0000000100000000)
  region size 1024K, 3 young (3072K), 3 survivors (3072K)
 Metaspace       used 68919K, committed 69504K, reserved 1114112K
  class space    used 9732K, committed 9984K, reserved 1048576K
}
Event: 5.806 GC heap before
{Heap before GC invocations=19 (full 0):
 garbage-first heap   total reserved 2013184K, committed 70656K, used 62398K [0x0000000085200000, 0x0000000100000000)
  region size 1024K, 34 young (34816K), 3 survivors (3072K)
 Metaspace       used 68931K, committed 69504K, reserved 1114112K
  class space    used 9733K, committed 9984K, reserved 1048576K
}
Event: 5.810 GC heap after
{Heap after GC invocations=20 (full 0):
 garbage-first heap   total reserved 2013184K, committed 70656K, used 35178K [0x0000000085200000, 0x0000000100000000)
  region size 1024K, 5 young (5120K), 5 survivors (5120K)
 Metaspace       used 68931K, committed 69504K, reserved 1114112K
  class space    used 9733K, committed 9984K, reserved 1048576K
}

